D:\DEV\TKTEXTEDITOR\TEXTEDIT\X64\RELEASE\QRC_TEXTEDIT.OBJ
D:\DEV\TKTEXTEDITOR\TEXTEDIT\X64\RELEASE\VC110.PDB
D:\DEV\TKTEXTEDITOR\TEXTEDIT\X64\RELEASE\TEXTEDIT.OBJ
D:\DEV\TKTEXTEDITOR\TEXTEDIT\X64\RELEASE\MAIN.OBJ
D:\DEV\TKTEXTEDITOR\TEXTEDIT\X64\RELEASE\MOC_TEXTEDIT.OBJ
D:\DEV\TKTEXTEDITOR\TEXTEDIT\GENERATEDFILES\UI_MAINWINDOW.H
D:\DEV\TKTEXTEDITOR\BIN\TEXTEDIT.EXE
D:\dev\TKTextEditor\textedit\x64\Release\main.obj
D:\dev\TKTextEditor\textedit\x64\Release\moc_textedit.obj
D:\dev\TKTextEditor\textedit\x64\Release\qrc_textedit.obj
D:\dev\TKTextEditor\textedit\x64\Release\textedit.obj
D:\dev\TKTextEditor\textedit\x64\Release\cl.command.1.tlog
D:\dev\TKTextEditor\textedit\x64\Release\CL.read.1.tlog
D:\dev\TKTextEditor\textedit\x64\Release\CL.write.1.tlog
D:\dev\TKTextEditor\textedit\x64\Release\custombuild.command.1.tlog
D:\dev\TKTextEditor\textedit\x64\Release\custombuild.read.1.tlog
D:\dev\TKTextEditor\textedit\x64\Release\custombuild.write.1.tlog
D:\dev\TKTextEditor\textedit\x64\Release\link-cvtres.read.1.tlog
D:\dev\TKTextEditor\textedit\x64\Release\link-cvtres.write.1.tlog
D:\dev\TKTextEditor\textedit\x64\Release\link-rc.read.1.tlog
D:\dev\TKTextEditor\textedit\x64\Release\link-rc.write.1.tlog
D:\dev\TKTextEditor\textedit\x64\Release\link.command.1.tlog
D:\dev\TKTextEditor\textedit\x64\Release\link.read.1.tlog
D:\dev\TKTextEditor\textedit\x64\Release\link.write.1.tlog
D:\dev\TKTextEditor\textedit\x64\Release\vc110.pdb
D:\dev\TKTextEditor\textedit\..\Bin\textedit.exe
